<?xml version="1.0" encoding="UTF-8"?>
<!-- Generated by org.testng.reporters.JUnitReportReporter -->
<testsuite hostname="DESKTOP-9KRK1A9" failures="0" tests="1" name="Pac1.CreateContactTest" time="0.013" errors="0" timestamp="2025-07-23T21:48:00 IST" skipped="0">
  <testcase classname="Pac1.CreateContactTest" name="createConatctTest1" time="0.013"/>
  <system-out/>
</testsuite> <!-- Pac1.CreateContactTest -->
